{"level":60,"time":1713729005655,"pid":10984,"hostname":"TPIT","error":"404","url":"/Dashbaord_files/avatar.png"}
{"level":60,"time":1713729005839,"pid":10984,"hostname":"TPIT","error":"404","url":"/favicon.ico"}
{"level":60,"time":1713729009510,"pid":10984,"hostname":"TPIT","error":"404","url":"/Dashbaord_files/avatar.png"}
{"level":60,"time":1713729010510,"pid":10984,"hostname":"TPIT","error":"404","url":"/Dashbaord_files/avatar.png"}
{"level":60,"time":1713729011125,"pid":10984,"hostname":"TPIT","error":"404","url":"/Dashbaord_files/avatar.png"}
{"level":60,"time":1713729011718,"pid":10984,"hostname":"TPIT","error":"404","url":"/Dashbaord_files/avatar.png"}
{"level":60,"time":1713729012241,"pid":10984,"hostname":"TPIT","error":"404","url":"/Dashbaord_files/avatar.png"}
{"level":60,"time":1713729035350,"pid":10984,"hostname":"TPIT","error":"404","url":"/Dashbaord_files/avatar.png"}
{"level":60,"time":1713729064262,"pid":10984,"hostname":"TPIT","error":"404","url":"/Dashbaord_files/avatar.png"}
{"level":60,"time":1713729064345,"pid":10984,"hostname":"TPIT","error":"404","url":"/assets/images/bg2.jpg"}
{"level":60,"time":1713729064524,"pid":10984,"hostname":"TPIT","error":"404","url":"/assets/fonts/Ubuntu-R.ttf"}
{"level":60,"time":1713729064544,"pid":10984,"hostname":"TPIT","error":"404","url":"/assets/fonts/Anurati-Regular.otf"}
{"level":60,"time":1713729114279,"pid":10984,"hostname":"TPIT","error":"404","url":"/Dashbaord_files/avatar.png"}
{"level":60,"time":1713729114427,"pid":10984,"hostname":"TPIT","error":"404","url":"/assets/fonts/Ubuntu-R.ttf"}
{"level":60,"time":1713729114464,"pid":10984,"hostname":"TPIT","error":"404","url":"/assets/fonts/Anurati-Regular.otf"}
{"level":60,"time":1713729141751,"pid":10984,"hostname":"TPIT","error":"404","url":"/Dashbaord_files/avatar.png"}
{"level":60,"time":1713729272991,"pid":10984,"hostname":"TPIT","error":"404","url":"/Dashbaord_files/avatar.png"}
{"level":60,"time":1713729314459,"pid":10984,"hostname":"TPIT","error":"404","url":"/Dashbaord_files/avatar.png"}
{"level":60,"time":1713729886676,"pid":23032,"hostname":"TPIT","error":"404","url":"/assets/dashboard/styles/login.css"}
{"level":60,"time":1713729892400,"pid":23032,"hostname":"TPIT","error":"404","url":"/assets/dashboard/styles/login.css"}
{"level":60,"time":1713729915661,"pid":23032,"hostname":"TPIT","error":"404","url":"/assets/dashboard/images/bg7.jpg"}
{"level":60,"time":1713729915757,"pid":23032,"hostname":"TPIT","error":"404","url":"/assets/dashboard/assets/fonts/Ubuntu-R.ttf"}
{"level":60,"time":1713731906224,"pid":23032,"hostname":"TPIT","error":"404","url":"/favicon.ico"}
{"level":60,"time":1713731999060,"pid":23032,"hostname":"TPIT","error":"404","url":"/favicon.ico"}
{"level":60,"time":1713760341203,"pid":1796,"hostname":"TPIT","error":"404","url":"/favicon.ico"}
{"level":60,"time":1713762704520,"pid":1796,"hostname":"TPIT","error":"404","url":"/management_build/central_branch/central_branch.js"}
